
404 error at 09-01-2016 16:25:39: http://localhost:5000/jiggaboo/
404 error at 09-01-2016 16:25:42: http://localhost:5000/jiggaboo/
404 error at 09-01-2016 16:25:42: http://localhost:5000/jiggaboo/
404 error at 09-01-2016 16:25:42: http://localhost:5000/jiggaboo/
404 error at 09-01-2016 16:25:42: http://localhost:5000/jiggaboo/
404 error at 09-01-2016 21:33:57: http://localhost:5000/jiggaboo/
404 error at 09-01-2016 21:42:43: http://localhost:5000/api/v1/tasks/1/
404 error at 09-01-2016 21:43:25: http://localhost:5000/api/v1/tasks/1/
404 error at 13-01-2016 17:15:02: http://localhost:5000/favicon.ico
404 error at 13-01-2016 17:15:10: http://localhost:5000/api/v1/messages/1/
404 error at 13-01-2016 22:08:50: http://localhost:5000/favicon.ico
404 error at 17-01-2016 12:05:35: http://localhost:5000/laser/
404 error at 17-01-2016 12:05:37: http://localhost:5000/laser/
404 error at 17-01-2016 12:05:37: http://localhost:5000/laser/
404 error at 17-01-2016 12:06:29: http://localhost:5000/laser/
404 error at 17-01-2016 12:06:30: http://localhost:5000/laser/
404 error at 17-01-2016 12:06:30: http://localhost:5000/laser/
404 error at 17-01-2016 12:15:49: http://localhost:5000/favicon.ico
404 error at 17-01-2016 12:33:35: http://localhost:5000/laserboogie/
404 error at 17-01-2016 12:33:36: http://localhost:5000/laserboogie/
404 error at 17-01-2016 12:33:37: http://localhost:5000/laserboogie/
404 error at 17-01-2016 12:33:37: http://localhost:5000/laserboogie/
404 error at 17-01-2016 12:34:08: http://localhost:5000/laserboogie/
404 error at 17-01-2016 12:37:08: http://localhost:5000/maser/
404 error at 17-01-2016 17:41:53: http://localhost:5000/favicon.ico
404 error at 21-02-2016 20:15:49: http://localhost:5000/favicon.ico
404 error at 23-04-2016 21:01:58: http://localhost:5000/favicon.ico
404 error at 24-04-2016 19:49:55: http://localhost:5000/api
404 error at 08-05-2016 15:50:55: http://localhost:5000/favicon.ico
404 error at 15-05-2016 19:53:09: http://127.0.0.1:5000/favicon.ico
404 error at 21-02-2018 13:52:52: http://172.26.125.176:5000/favicon.ico ERROR IS 404: Not Found